<?xml version="1.0" encoding="UTF-8"?>
<!-- Generated by org.testng.reporters.JUnitReportReporter -->
<testsuite skipped="0" hostname="Alim" name="runner.TestRunner" tests="11" failures="0" timestamp="09 Jun 2020 22:24:05 GMT" time="104.857" errors="0">
  <testcase name="runScenario" time="12.270" classname="runner.TestRunner"/>
  <testcase name="runScenario" time="11.235" classname="runner.TestRunner"/>
  <testcase name="runScenario" time="6.710" classname="runner.TestRunner"/>
  <testcase name="runScenario" time="6.412" classname="runner.TestRunner"/>
  <testcase name="runScenario" time="6.414" classname="runner.TestRunner"/>
  <testcase name="runScenario" time="18.576" classname="runner.TestRunner"/>
  <testcase name="runScenario" time="7.917" classname="runner.TestRunner"/>
  <testcase name="runScenario" time="6.428" classname="runner.TestRunner"/>
  <testcase name="runScenario" time="10.625" classname="runner.TestRunner"/>
  <testcase name="runScenario" time="6.324" classname="runner.TestRunner"/>
  <testcase name="runScenario" time="11.946" classname="runner.TestRunner"/>
</testsuite> <!-- runner.TestRunner -->
