<?xml version="1.0" encoding="UTF-8"?>
<!-- Generated by org.testng.reporters.JUnitReportReporter -->
<testsuite skipped="0" hostname="Alim" name="tests.SuperTechPageTest" tests="3" failures="0" timestamp="19 May 2020 21:22:30 GMT" time="44.931" errors="0">
  <testcase name="googleTest" time="10.630" classname="tests.SuperTechPageTest"/>
  <testcase name="iframeTest" time="13.188" classname="tests.SuperTechPageTest"/>
  <testcase name="SuperTech" time="21.113" classname="tests.SuperTechPageTest"/>
</testsuite> <!-- tests.SuperTechPageTest -->
