<?xml version="1.0" encoding="UTF-8"?>
<!-- Generated by org.testng.reporters.JUnitReportReporter -->
<testsuite hostname="Alim" failures="0" tests="3" name="tests.SuperTechPageTest" time="70.660" errors="0" timestamp="21 May 2020 21:35:00 GMT" skipped="0">
  <testcase classname="tests.SuperTechPageTest" name="googleTest" time="13.910"/>
  <testcase classname="tests.SuperTechPageTest" name="SuperTech" time="35.292"/>
  <testcase classname="tests.SuperTechPageTest" name="iframeTest" time="21.458"/>
</testsuite> <!-- tests.SuperTechPageTest -->
