<?xml version="1.0" encoding="UTF-8"?>
<!-- Generated by org.testng.reporters.JUnitReportReporter -->
<testsuite skipped="0" hostname="Alim" name="tests.StudentRegistration" tests="1" failures="0" timestamp="04 Jun 2020 20:17:36 GMT" time="3.534" errors="0">
  <testcase name="Student" time="3.534" classname="tests.StudentRegistration"/>
</testsuite> <!-- tests.StudentRegistration -->
