<?xml version="1.0" encoding="UTF-8"?>
<!-- Generated by org.testng.reporters.JUnitReportReporter -->
<testsuite hostname="Alim" failures="0" tests="4" name="tests.FundTransferPageTest" time="21.168" errors="0" timestamp="28 May 2020 21:38:28 GMT" skipped="0">
  <testcase classname="tests.FundTransferPageTest" name="ValidPayeeInvalidAmount" time="4.860"/>
  <testcase classname="tests.FundTransferPageTest" name="ValidPayeeValidAmount" time="4.416"/>
  <testcase classname="tests.FundTransferPageTest" name="ValidPayeeNoAmount" time="4.465"/>
  <testcase classname="tests.FundTransferPageTest" name="InvalidPayeevalidAmount" time="7.427"/>
</testsuite> <!-- tests.FundTransferPageTest -->
